<?xml version="1.0" encoding="UTF-8"?>
<!-- Generated by org.testng.reporters.JUnitReportReporter -->
<testsuite hostname="LTIN332923" failures="0" tests="1" name="TestRunnerFile.TestNGRunners" time="0.064" errors="0" timestamp="2022-12-15T19:51:00 IST" skipped="0">
  <testcase classname="TestRunnerFile.TestNGRunners" name="runScenario" time="0.064"/>
  <system-out/>
</testsuite> <!-- TestRunnerFile.TestNGRunners -->
